d:\ga2ndfinal_huripyeo\5_project\seedvault\seedvault\x64\debug\vc142.pdb
d:\ga2ndfinal_huripyeo\5_project\seedvault\seedvault\x64\debug\vc142.idb
d:\ga2ndfinal_huripyeo\5_project\seedvault\seedvault\x64\debug\zombie_runner_move.obj
d:\ga2ndfinal_huripyeo\5_project\seedvault\seedvault\x64\debug\orbitcamera.obj
d:\ga2ndfinal_huripyeo\5_project\seedvault\seedvault\x64\debug\muzzleflash.obj
d:\ga2ndfinal_huripyeo\5_project\seedvault\seedvault\x64\debug\characterbuilder.obj
d:\ga2ndfinal_huripyeo\5_project\seedvault\seedvault\x64\debug\componentbase.obj
d:\ga2ndfinal_huripyeo\5_project\seedvault\seedvault\x64\debug\seedvault.obj
d:\ga2ndfinal_huripyeo\5_project\seedvault\seedvault\x64\debug\clmaterialtest.obj
d:\ga2ndfinal_huripyeo\5_project\seedvault\seedvault\x64\debug\cameracontroller.obj
d:\ga2ndfinal_huripyeo\5_project\seedvault\seedvault\x64\debug\camerabehavior.obj
d:\ga2ndfinal_huripyeo\5_project\seedvault\seedvault\x64\debug\clviewerscene.obj
d:\ga2ndfinal_huripyeo\5_project\seedvault\seedvault\x64\debug\cltestnavmeshscene.obj
d:\ga2ndfinal_huripyeo\5_project\seedvault\seedvault\x64\debug\cltestingameui.obj
d:\ga2ndfinal_huripyeo\5_project\seedvault\seedvault\x64\debug\cltesthj.obj
d:\ga2ndfinal_huripyeo\5_project\seedvault\seedvault\x64\debug\clphysxtestscenejh.obj
d:\ga2ndfinal_huripyeo\5_project\seedvault\seedvault\x64\debug\clmainscene.obj
d:\ga2ndfinal_huripyeo\5_project\seedvault\seedvault\x64\debug\clinput.obj
d:\ga2ndfinal_huripyeo\5_project\seedvault\seedvault\x64\debug\clanimation.obj
d:\ga2ndfinal_huripyeo\5_project\seedvault\seedvault\x64\debug\behaviortree_base.obj
d:\ga2ndfinal_huripyeo\5_project\seedvault\seedvault\x64\debug\ammo.obj
d:\ga2ndfinal_huripyeo\5_project\seedvault\seedvault\x64\debug\alcohol.obj
d:\ga2ndfinal_huripyeo\5_project\seedvault\seedvault\x64\debug\json_writer.obj
d:\ga2ndfinal_huripyeo\5_project\seedvault\seedvault\x64\debug\json_value.obj
d:\ga2ndfinal_huripyeo\5_project\seedvault\seedvault\x64\debug\json_reader.obj
d:\ga2ndfinal_huripyeo\5_project\seedvault\seedvault\x64\debug\gameobject.obj
d:\ga2ndfinal_huripyeo\5_project\seedvault\seedvault\x64\debug\zombie_runner_ai.obj
d:\ga2ndfinal_huripyeo\5_project\seedvault\seedvault\x64\debug\playercontroller.obj
d:\ga2ndfinal_huripyeo\5_project\seedvault\seedvault\x64\debug\modelcontroller.obj
d:\ga2ndfinal_huripyeo\5_project\seedvault\seedvault\x64\debug\jsonloader_cl.obj
d:\ga2ndfinal_huripyeo\5_project\seedvault\seedvault\x64\debug\itembuilder.obj
d:\ga2ndfinal_huripyeo\5_project\seedvault\seedvault\x64\debug\inventory.obj
d:\ga2ndfinal_huripyeo\5_project\seedvault\seedvault\x64\debug\iitem.obj
d:\ga2ndfinal_huripyeo\5_project\seedvault\seedvault\x64\debug\herb.obj
d:\ga2ndfinal_huripyeo\5_project\seedvault\seedvault\x64\debug\health.obj
d:\ga2ndfinal_huripyeo\5_project\seedvault\seedvault\x64\debug\healsyringe.obj
d:\ga2ndfinal_huripyeo\5_project\seedvault\seedvault\x64\debug\gun.obj
d:\ga2ndfinal_huripyeo\5_project\seedvault\seedvault\x64\debug\gamemanager.obj
d:\ga2ndfinal_huripyeo\5_project\seedvault\seedvault\x64\debug\flask.obj
d:\ga2ndfinal_huripyeo\5_project\seedvault\seedvault\x64\debug\enemy_move.obj
d:\ga2ndfinal_huripyeo\5_project\seedvault\seedvault\x64\debug\enemy_ai.obj
d:\ga2ndfinal_huripyeo\5_project\seedvault\seedvault\x64\debug\damagedata.obj
d:\ga2ndfinal_huripyeo\5_project\seedvault\seedvault\x64\debug\hitpoint.obj
d:\ga2ndfinal_huripyeo\5_project\seedvault\seedvault\x64\debug\seedvault.pch
d:\ga2ndfinal_huripyeo\5_project\seedvault\seedvault\x64\debug\pch.obj
d:\ga2ndfinal_huripyeo\5_project\seedvault\seedvault\x64\debug\objectbuilder.obj
d:\ga2ndfinal_huripyeo\5_project\seedvault\seedvault\x64\debug\cltestsceneyh.obj
d:\ga2ndfinal_huripyeo\5_project\seedvault\seedvault\x64\debug\cltestscene2d.obj
d:\ga2ndfinal_huripyeo\5_project\seedvault\x64\debug\seedvault.ilk
d:\ga2ndfinal_huripyeo\5_project\seedvault\x64\debug\seedvault.exe
d:\ga2ndfinal_huripyeo\5_project\seedvault\x64\debug\seedvault.pdb
d:\ga2ndfinal_huripyeo\5_project\seedvault\seedvault\x64\debug\seedvault.res
d:\ga2ndfinal_huripyeo\5_project\seedvault\seedvault\x64\debug\seedvault.tlog\cl.command.1.tlog
d:\ga2ndfinal_huripyeo\5_project\seedvault\seedvault\x64\debug\seedvault.tlog\cl.read.1.tlog
d:\ga2ndfinal_huripyeo\5_project\seedvault\seedvault\x64\debug\seedvault.tlog\cl.write.1.tlog
d:\ga2ndfinal_huripyeo\5_project\seedvault\seedvault\x64\debug\seedvault.tlog\link.command.1.tlog
d:\ga2ndfinal_huripyeo\5_project\seedvault\seedvault\x64\debug\seedvault.tlog\link.read.1.tlog
d:\ga2ndfinal_huripyeo\5_project\seedvault\seedvault\x64\debug\seedvault.tlog\link.write.1.tlog
d:\ga2ndfinal_huripyeo\5_project\seedvault\seedvault\x64\debug\seedvault.tlog\rc.command.1.tlog
d:\ga2ndfinal_huripyeo\5_project\seedvault\seedvault\x64\debug\seedvault.tlog\rc.read.1.tlog
d:\ga2ndfinal_huripyeo\5_project\seedvault\seedvault\x64\debug\seedvault.tlog\rc.write.1.tlog
