d:\ga2ndfinal_huripyeo\5_project\gameengine\gameengine\x64\debug\gameengine_debug.pch
d:\ga2ndfinal_huripyeo\5_project\gameengine\gameengine\x64\debug\vc142.pdb
d:\ga2ndfinal_huripyeo\5_project\gameengine\gameengine\x64\debug\imgui.obj
d:\ga2ndfinal_huripyeo\5_project\gameengine\gameengine\x64\debug\imgui_draw.obj
d:\ga2ndfinal_huripyeo\5_project\gameengine\gameengine\x64\debug\imgui_impl_dx11.obj
d:\ga2ndfinal_huripyeo\5_project\gameengine\gameengine\x64\debug\imgui_impl_win32.obj
d:\ga2ndfinal_huripyeo\5_project\gameengine\gameengine\x64\debug\imgui_tables.obj
d:\ga2ndfinal_huripyeo\5_project\gameengine\gameengine\x64\debug\imgui_widgets.obj
d:\ga2ndfinal_huripyeo\5_project\gameengine\gameengine\x64\debug\json_reader.obj
d:\ga2ndfinal_huripyeo\5_project\gameengine\gameengine\x64\debug\json_value.obj
d:\ga2ndfinal_huripyeo\5_project\gameengine\gameengine\x64\debug\json_writer.obj
d:\ga2ndfinal_huripyeo\5_project\gameengine\gameengine\x64\debug\animation.obj
d:\ga2ndfinal_huripyeo\5_project\gameengine\gameengine\x64\debug\animationsystem.obj
d:\ga2ndfinal_huripyeo\5_project\gameengine\gameengine\x64\debug\baseeventcallback.obj
d:\ga2ndfinal_huripyeo\5_project\gameengine\gameengine\x64\debug\ecameracontroller.obj
d:\ga2ndfinal_huripyeo\5_project\gameengine\gameengine\x64\debug\cameramanager.obj
d:\ga2ndfinal_huripyeo\5_project\gameengine\gameengine\x64\debug\collision.obj
d:\ga2ndfinal_huripyeo\5_project\gameengine\gameengine\x64\debug\componentbase.obj
d:\ga2ndfinal_huripyeo\5_project\gameengine\gameengine\x64\debug\componentsystem.obj
d:\ga2ndfinal_huripyeo\5_project\gameengine\gameengine\x64\debug\dllmain.obj
d:\ga2ndfinal_huripyeo\5_project\gameengine\gameengine\x64\debug\engine.obj
d:\ga2ndfinal_huripyeo\5_project\gameengine\gameengine\x64\debug\enginedll.obj
d:\ga2ndfinal_huripyeo\5_project\gameengine\gameengine\x64\debug\camera.obj
d:\ga2ndfinal_huripyeo\5_project\gameengine\gameengine\x64\debug\gameobject.obj
d:\ga2ndfinal_huripyeo\5_project\gameengine\gameengine\x64\debug\interfacemanager.obj
d:\ga2ndfinal_huripyeo\5_project\gameengine\gameengine\x64\debug\imguiclass.obj
d:\ga2ndfinal_huripyeo\5_project\gameengine\gameengine\x64\debug\input.obj
d:\ga2ndfinal_huripyeo\5_project\gameengine\gameengine\x64\debug\jsonloader_ge.obj
d:\ga2ndfinal_huripyeo\5_project\gameengine\gameengine\x64\debug\jsonmanager.obj
d:\ga2ndfinal_huripyeo\5_project\gameengine\gameengine\x64\debug\light.obj
d:\ga2ndfinal_huripyeo\5_project\gameengine\gameengine\x64\debug\managers.obj
d:\ga2ndfinal_huripyeo\5_project\gameengine\gameengine\x64\debug\materialcomponent.obj
d:\ga2ndfinal_huripyeo\5_project\gameengine\gameengine\x64\debug\mathhelper.obj
d:\ga2ndfinal_huripyeo\5_project\gameengine\gameengine\x64\debug\meshfilter.obj
d:\ga2ndfinal_huripyeo\5_project\gameengine\gameengine\x64\debug\meshrenderer.obj
d:\ga2ndfinal_huripyeo\5_project\gameengine\gameengine\x64\debug\navmesh.obj
d:\ga2ndfinal_huripyeo\5_project\gameengine\gameengine\x64\debug\navimeshcontroller.obj
d:\ga2ndfinal_huripyeo\5_project\gameengine\gameengine\x64\debug\navimeshface.obj
d:\ga2ndfinal_huripyeo\5_project\gameengine\gameengine\x64\debug\navmeshagent.obj
d:\ga2ndfinal_huripyeo\5_project\gameengine\gameengine\x64\debug\navmeshmanager.obj
d:\ga2ndfinal_huripyeo\5_project\gameengine\gameengine\x64\debug\objectmanager.obj
d:\ga2ndfinal_huripyeo\5_project\gameengine\gameengine\x64\debug\particlesystem.obj
d:\ga2ndfinal_huripyeo\5_project\gameengine\gameengine\x64\debug\pch.obj
d:\ga2ndfinal_huripyeo\5_project\gameengine\gameengine\x64\debug\physicsengine.obj
d:\ga2ndfinal_huripyeo\5_project\gameengine\gameengine\x64\debug\physicsgeometry.obj
d:\ga2ndfinal_huripyeo\5_project\gameengine\gameengine\x64\debug\physicsutility.obj
d:\ga2ndfinal_huripyeo\5_project\gameengine\gameengine\x64\debug\mousepicking.obj
d:\ga2ndfinal_huripyeo\5_project\gameengine\gameengine\x64\debug\planeanimation.obj
d:\ga2ndfinal_huripyeo\5_project\gameengine\gameengine\x64\debug\raycast.obj
d:\ga2ndfinal_huripyeo\5_project\gameengine\gameengine\x64\debug\reflectionprobecamera.obj
d:\ga2ndfinal_huripyeo\5_project\gameengine\gameengine\x64\debug\resourceloader.obj
d:\ga2ndfinal_huripyeo\5_project\gameengine\gameengine\x64\debug\physicsactor.obj
d:\ga2ndfinal_huripyeo\5_project\gameengine\gameengine\x64\debug\resourceobserver.obj
d:\ga2ndfinal_huripyeo\5_project\gameengine\gameengine\x64\debug\resourceobserverowner.obj
d:\ga2ndfinal_huripyeo\5_project\gameengine\gameengine\x64\debug\scene.obj
d:\ga2ndfinal_huripyeo\5_project\gameengine\gameengine\x64\debug\scenebase.obj
d:\ga2ndfinal_huripyeo\5_project\gameengine\gameengine\x64\debug\scenemanager.obj
d:\ga2ndfinal_huripyeo\5_project\gameengine\gameengine\x64\debug\skinninganimation.obj
d:\ga2ndfinal_huripyeo\5_project\gameengine\gameengine\x64\debug\sprite2d.obj
d:\ga2ndfinal_huripyeo\5_project\gameengine\gameengine\x64\debug\text.obj
d:\ga2ndfinal_huripyeo\5_project\gameengine\gameengine\x64\debug\timer.obj
d:\ga2ndfinal_huripyeo\5_project\gameengine\gameengine\x64\debug\transformanimation.obj
d:\ga2ndfinal_huripyeo\5_project\gameengine\gameengine\x64\debug\triangle.obj
d:\ga2ndfinal_huripyeo\5_project\gameengine\gameengine\x64\debug\billboard.obj
d:\ga2ndfinal_huripyeo\5_project\gameengine\gameengine\x64\debug\button.obj
d:\ga2ndfinal_huripyeo\5_project\gameengine\gameengine\x64\debug\transform.obj
d:\ga2ndfinal_huripyeo\5_project\gameengine\gameengine\x64\debug\sprite2dbundle.obj
d:\ga2ndfinal_huripyeo\5_project\seedvault\x64\debug\gameengine_debug.lib
d:\ga2ndfinal_huripyeo\5_project\seedvault\x64\debug\gameengine_debug.exp
d:\ga2ndfinal_huripyeo\5_project\seedvault\x64\debug\gameengine_debug.dll
d:\ga2ndfinal_huripyeo\5_project\seedvault\x64\debug\gameengine_debug.ilk
d:\ga2ndfinal_huripyeo\5_project\seedvault\x64\debug\gameengine_debug.pdb
d:\ga2ndfinal_huripyeo\5_project\gameengine\gameengine\x64\debug\gameengine.tlog\cl.command.1.tlog
d:\ga2ndfinal_huripyeo\5_project\gameengine\gameengine\x64\debug\gameengine.tlog\cl.read.1.tlog
d:\ga2ndfinal_huripyeo\5_project\gameengine\gameengine\x64\debug\gameengine.tlog\cl.write.1.tlog
d:\ga2ndfinal_huripyeo\5_project\gameengine\gameengine\x64\debug\gameengine.tlog\gameengine.write.1u.tlog
d:\ga2ndfinal_huripyeo\5_project\gameengine\gameengine\x64\debug\gameengine.tlog\link.14756.delete.1.tlog
d:\ga2ndfinal_huripyeo\5_project\gameengine\gameengine\x64\debug\gameengine.tlog\link.23724.delete.1.tlog
d:\ga2ndfinal_huripyeo\5_project\gameengine\gameengine\x64\debug\gameengine.tlog\link.30116.delete.1.tlog
d:\ga2ndfinal_huripyeo\5_project\gameengine\gameengine\x64\debug\gameengine.tlog\link.35496.delete.1.tlog
d:\ga2ndfinal_huripyeo\5_project\gameengine\gameengine\x64\debug\gameengine.tlog\link.3736.delete.1.tlog
d:\ga2ndfinal_huripyeo\5_project\gameengine\gameengine\x64\debug\gameengine.tlog\link.command.1.tlog
d:\ga2ndfinal_huripyeo\5_project\gameengine\gameengine\x64\debug\gameengine.tlog\link.read.1.tlog
d:\ga2ndfinal_huripyeo\5_project\gameengine\gameengine\x64\debug\gameengine.tlog\link.write.1.tlog
