d:\ga2ndfinal_huripyeo\5_project\graphic\directx11engine\x64\debug\vc142.pdb
d:\ga2ndfinal_huripyeo\5_project\graphic\directx11engine\x64\debug\vc142.idb
d:\ga2ndfinal_huripyeo\5_project\graphic\directx11engine\x64\debug\cubemaprendertarget.obj
d:\ga2ndfinal_huripyeo\5_project\graphic\directx11engine\x64\debug\constantbuffermanager.obj
d:\ga2ndfinal_huripyeo\5_project\graphic\directx11engine\x64\debug\uavrendertargetview.obj
d:\ga2ndfinal_huripyeo\5_project\graphic\directx11engine\x64\debug\stagingbuffer.obj
d:\ga2ndfinal_huripyeo\5_project\graphic\directx11engine\x64\debug\hlslbloom.obj
d:\ga2ndfinal_huripyeo\5_project\graphic\directx11engine\x64\debug\sampler.obj
d:\ga2ndfinal_huripyeo\5_project\graphic\directx11engine\x64\debug\renderqueue.obj
d:\ga2ndfinal_huripyeo\5_project\graphic\directx11engine\x64\debug\pixelpicking.obj
d:\ga2ndfinal_huripyeo\5_project\graphic\directx11engine\x64\debug\particlemanager.obj
d:\ga2ndfinal_huripyeo\5_project\graphic\directx11engine\x64\debug\oit.obj
d:\ga2ndfinal_huripyeo\5_project\graphic\directx11engine\x64\debug\line.obj
d:\ga2ndfinal_huripyeo\5_project\graphic\directx11engine\x64\debug\fxaa.obj
d:\ga2ndfinal_huripyeo\5_project\graphic\directx11engine\x64\debug\face.obj
d:\ga2ndfinal_huripyeo\5_project\graphic\directx11engine\x64\debug\box.obj
d:\ga2ndfinal_huripyeo\5_project\graphic\directx11engine\x64\debug\blurfilter.obj
d:\ga2ndfinal_huripyeo\5_project\graphic\directx11engine\x64\debug\bungiebloom.obj
d:\ga2ndfinal_huripyeo\5_project\graphic\directx11engine\x64\debug\boundingvolume.obj
d:\ga2ndfinal_huripyeo\5_project\graphic\directx11engine\x64\debug\bloomfilter.obj
d:\ga2ndfinal_huripyeo\5_project\graphic\directx11engine\x64\debug\adaptermanager.obj
d:\ga2ndfinal_huripyeo\5_project\graphic\directx11engine\x64\debug\adaptation.obj
d:\ga2ndfinal_huripyeo\5_project\graphic\directx11engine\x64\debug\pointlightshape.obj
d:\ga2ndfinal_huripyeo\5_project\graphic\directx11engine\x64\debug\offscreenrendertarget.obj
d:\ga2ndfinal_huripyeo\5_project\graphic\directx11engine\x64\debug\nodedata.obj
d:\ga2ndfinal_huripyeo\5_project\graphic\directx11engine\x64\debug\lightmanager.obj
d:\ga2ndfinal_huripyeo\5_project\graphic\directx11engine\x64\debug\lightclass.obj
d:\ga2ndfinal_huripyeo\5_project\graphic\directx11engine\x64\debug\inputlayout.obj
d:\ga2ndfinal_huripyeo\5_project\graphic\directx11engine\x64\debug\ibl.obj
d:\ga2ndfinal_huripyeo\5_project\graphic\directx11engine\x64\debug\hlslshadermanager.obj
d:\ga2ndfinal_huripyeo\5_project\graphic\directx11engine\x64\debug\highdynamicrangerender.obj
d:\ga2ndfinal_huripyeo\5_project\graphic\directx11engine\x64\debug\gizmo.obj
d:\ga2ndfinal_huripyeo\5_project\graphic\directx11engine\x64\debug\grid.obj
d:\ga2ndfinal_huripyeo\5_project\graphic\directx11engine\x64\debug\forward.obj
d:\ga2ndfinal_huripyeo\5_project\graphic\directx11engine\x64\debug\fontinfo.obj
d:\ga2ndfinal_huripyeo\5_project\graphic\directx11engine\x64\debug\downsampler.obj
d:\ga2ndfinal_huripyeo\5_project\graphic\directx11engine\x64\debug\dllmain.obj
d:\ga2ndfinal_huripyeo\5_project\graphic\directx11engine\x64\debug\directionallightshape.obj
d:\ga2ndfinal_huripyeo\5_project\graphic\directx11engine\x64\debug\depthstencilview.obj
d:\ga2ndfinal_huripyeo\5_project\graphic\directx11engine\x64\debug\deferred.obj
d:\ga2ndfinal_huripyeo\5_project\graphic\directx11engine\x64\debug\debugrender.obj
d:\ga2ndfinal_huripyeo\5_project\graphic\directx11engine\x64\debug\d2d.obj
d:\ga2ndfinal_huripyeo\5_project\graphic\directx11engine\x64\debug\visualdebugger.obj
d:\ga2ndfinal_huripyeo\5_project\graphic\directx11engine\x64\debug\upscale.obj
d:\ga2ndfinal_huripyeo\5_project\graphic\directx11engine\x64\debug\texturecapture.obj
d:\ga2ndfinal_huripyeo\5_project\graphic\directx11engine\x64\debug\spritequad.obj
d:\ga2ndfinal_huripyeo\5_project\graphic\directx11engine\x64\debug\spotlightshape.obj
d:\ga2ndfinal_huripyeo\5_project\graphic\directx11engine\x64\debug\sphere.obj
d:\ga2ndfinal_huripyeo\5_project\graphic\directx11engine\x64\debug\skyboxsphere.obj
d:\ga2ndfinal_huripyeo\5_project\graphic\directx11engine\x64\debug\skyboxcube.obj
d:\ga2ndfinal_huripyeo\5_project\graphic\directx11engine\x64\debug\shaders.obj
d:\ga2ndfinal_huripyeo\5_project\graphic\directx11engine\x64\debug\rendertargetview.obj
d:\ga2ndfinal_huripyeo\5_project\graphic\directx11engine\x64\debug\rendertargetbase.obj
d:\ga2ndfinal_huripyeo\5_project\graphic\directx11engine\x64\debug\mathhelper.obj
d:\ga2ndfinal_huripyeo\5_project\graphic\directx11engine\x64\debug\renderer.obj
d:\ga2ndfinal_huripyeo\5_project\graphic\directx11engine\x64\debug\effects.obj
d:\ga2ndfinal_huripyeo\5_project\graphic\directx11engine\x64\debug\adapterreader.obj
d:\ga2ndfinal_huripyeo\5_project\graphic\directx11engine\x64\debug\rasterizerstate.obj
d:\ga2ndfinal_huripyeo\5_project\graphic\directx11engine\x64\debug\quad.obj
d:\ga2ndfinal_huripyeo\5_project\graphic\directx11engine\x64\debug\postprocessbase.obj
d:\ga2ndfinal_huripyeo\5_project\graphic\directx11engine\x64\debug\postprocess.obj
d:\ga2ndfinal_huripyeo\5_project\seedvault\x64\debug\directx11engine_debug.lib
d:\ga2ndfinal_huripyeo\5_project\seedvault\x64\debug\directx11engine_debug.exp
d:\ga2ndfinal_huripyeo\5_project\seedvault\x64\debug\cs_bloomfilter.cso
d:\ga2ndfinal_huripyeo\5_project\seedvault\x64\debug\cs_bungiebloom.cso
d:\ga2ndfinal_huripyeo\5_project\seedvault\x64\debug\cs_hlslbloom.cso
d:\ga2ndfinal_huripyeo\5_project\seedvault\x64\debug\cs_nvidiablur.cso
d:\ga2ndfinal_huripyeo\5_project\seedvault\data\shader\cs_pxielpicking.cso
d:\ga2ndfinal_huripyeo\5_project\seedvault\x64\debug\fxaa.cso
d:\ga2ndfinal_huripyeo\5_project\seedvault\x64\debug\postfx.cso
d:\ga2ndfinal_huripyeo\5_project\seedvault\x64\debug\ps_postprocess.cso
d:\ga2ndfinal_huripyeo\5_project\seedvault\x64\debug\vs_instance.cso
d:\ga2ndfinal_huripyeo\5_project\seedvault\data\shader\vs_oit.cso
d:\ga2ndfinal_huripyeo\5_project\seedvault\x64\debug\basic.cso
d:\ga2ndfinal_huripyeo\5_project\seedvault\x64\debug\basictex.cso
d:\ga2ndfinal_huripyeo\5_project\seedvault\x64\debug\color.cso
d:\ga2ndfinal_huripyeo\5_project\seedvault\x64\debug\lighthelper.cso
d:\ga2ndfinal_huripyeo\5_project\seedvault\x64\debug\skysphere.cso
d:\ga2ndfinal_huripyeo\5_project\seedvault\x64\debug\wire.cso
d:\ga2ndfinal_huripyeo\5_project\seedvault\data\shader\ps_color.cso
d:\ga2ndfinal_huripyeo\5_project\seedvault\data\shader\ps_colorn.cso
d:\ga2ndfinal_huripyeo\5_project\seedvault\data\shader\ps_normalskinningr.cso
d:\ga2ndfinal_huripyeo\5_project\seedvault\data\shader\ps_skydome.cso
d:\ga2ndfinal_huripyeo\5_project\seedvault\data\shader\ps_stnd.cso
d:\ga2ndfinal_huripyeo\5_project\seedvault\data\shader\vs_2d.cso
d:\ga2ndfinal_huripyeo\5_project\seedvault\data\shader\vs_color.cso
d:\ga2ndfinal_huripyeo\5_project\seedvault\data\shader\vs_colorn.cso
d:\ga2ndfinal_huripyeo\5_project\seedvault\data\shader\vs_deferred.cso
d:\ga2ndfinal_huripyeo\5_project\seedvault\data\shader\vs_normalskinningr.cso
d:\ga2ndfinal_huripyeo\5_project\seedvault\data\shader\vs_skinnedshadow.cso
d:\ga2ndfinal_huripyeo\5_project\seedvault\data\shader\vs_skinnedmesh.cso
d:\ga2ndfinal_huripyeo\5_project\seedvault\data\shader\vs_skydome.cso
d:\ga2ndfinal_huripyeo\5_project\seedvault\data\shader\vs_standard.cso
d:\ga2ndfinal_huripyeo\5_project\seedvault\data\shader\vs_staticmesh.cso
d:\ga2ndfinal_huripyeo\5_project\seedvault\x64\debug\cs_adaption.cso
d:\ga2ndfinal_huripyeo\5_project\seedvault\data\shader\gs_drawpass.cso
d:\ga2ndfinal_huripyeo\5_project\seedvault\data\shader\ibllibrary.cso
d:\ga2ndfinal_huripyeo\5_project\seedvault\x64\debug\light.cso
d:\ga2ndfinal_huripyeo\5_project\seedvault\x64\debug\pbrfunc.cso
d:\ga2ndfinal_huripyeo\5_project\seedvault\data\shader\ps_addaccum.cso
d:\ga2ndfinal_huripyeo\5_project\seedvault\data\shader\ps_colortoaccumereveal.cso
d:\ga2ndfinal_huripyeo\5_project\seedvault\data\shader\ps_colortodeferredpass.cso
d:\ga2ndfinal_huripyeo\5_project\seedvault\data\shader\ps_deepthpeelingrender.cso
d:\ga2ndfinal_huripyeo\5_project\seedvault\x64\debug\ps_deferred.cso
d:\ga2ndfinal_huripyeo\5_project\seedvault\data\shader\ps_deferredcolor.cso
d:\ga2ndfinal_huripyeo\5_project\seedvault\data\shader\ps_deferreddebug.cso
d:\ga2ndfinal_huripyeo\5_project\seedvault\data\shader\ps_deferreddebuginfo.cso
d:\ga2ndfinal_huripyeo\5_project\seedvault\data\shader\ps_depthpeeling.cso
d:\ga2ndfinal_huripyeo\5_project\seedvault\data\shader\ps_environment.cso
d:\ga2ndfinal_huripyeo\5_project\seedvault\data\shader\ps_idpicking.cso
d:\ga2ndfinal_huripyeo\5_project\seedvault\data\shader\ps_idpickingskinning.cso
d:\ga2ndfinal_huripyeo\5_project\seedvault\data\shader\ps_none_ibl_deferred.cso
d:\ga2ndfinal_huripyeo\5_project\seedvault\data\shader\ps_normalr.cso
d:\ga2ndfinal_huripyeo\5_project\seedvault\data\shader\ps_ibl_deferred.cso
d:\ga2ndfinal_huripyeo\5_project\seedvault\data\shader\ps_ibl_pbr_combine.cso
d:\ga2ndfinal_huripyeo\5_project\seedvault\data\shader\ps_integratebrdf.cso
d:\ga2ndfinal_huripyeo\5_project\seedvault\data\shader\ps_irradiancemap.cso
d:\ga2ndfinal_huripyeo\5_project\seedvault\data\shader\ps_irradiancemapvector3.cso
d:\ga2ndfinal_huripyeo\5_project\seedvault\data\shader\ps_lighttexturemap.cso
d:\ga2ndfinal_huripyeo\5_project\seedvault\x64\debug\ps_linkedlistoit.cso
d:\ga2ndfinal_huripyeo\5_project\seedvault\data\shader\ps_normal.cso
d:\ga2ndfinal_huripyeo\5_project\seedvault\data\shader\ps_outline.cso
d:\ga2ndfinal_huripyeo\5_project\seedvault\data\shader\ps_particle.cso
d:\ga2ndfinal_huripyeo\5_project\seedvault\data\shader\ps_particledraw.cso
d:\ga2ndfinal_huripyeo\5_project\seedvault\data\shader\ps_prefilter.cso
d:\ga2ndfinal_huripyeo\5_project\seedvault\data\shader\ps_reflectionprobe.cso
d:\ga2ndfinal_huripyeo\5_project\seedvault\data\shader\ps_shadowmap.cso
d:\ga2ndfinal_huripyeo\5_project\seedvault\x64\debug\deferred.cso
d:\ga2ndfinal_huripyeo\5_project\seedvault\x64\debug\ps_skinnedtest.cso
d:\ga2ndfinal_huripyeo\5_project\seedvault\data\shader\ps_skybox.cso
d:\ga2ndfinal_huripyeo\5_project\seedvault\x64\debug\ps_test.cso
d:\ga2ndfinal_huripyeo\5_project\seedvault\data\shader\ps_billboard.cso
d:\ga2ndfinal_huripyeo\5_project\seedvault\data\shader\ps_transparentpass.cso
d:\ga2ndfinal_huripyeo\5_project\seedvault\data\shader\vs_colordebug.cso
d:\ga2ndfinal_huripyeo\5_project\seedvault\data\shader\vs_colorid.cso
d:\ga2ndfinal_huripyeo\5_project\seedvault\data\shader\vs_drawpass.cso
d:\ga2ndfinal_huripyeo\5_project\seedvault\data\shader\vs_combine.cso
d:\ga2ndfinal_huripyeo\5_project\seedvault\data\shader\vs_environment.cso
d:\ga2ndfinal_huripyeo\5_project\seedvault\data\shader\vs_idpicking.cso
d:\ga2ndfinal_huripyeo\5_project\seedvault\data\shader\vs_idpickingskinning.cso
d:\ga2ndfinal_huripyeo\5_project\seedvault\data\shader\vs_normalr.cso
d:\ga2ndfinal_huripyeo\5_project\seedvault\data\shader\vs_oitvs.cso
d:\ga2ndfinal_huripyeo\5_project\seedvault\data\shader\vs_outline.cso
d:\ga2ndfinal_huripyeo\5_project\seedvault\data\shader\vs_particle.cso
d:\ga2ndfinal_huripyeo\5_project\seedvault\data\shader\vs_shadowmap.cso
d:\ga2ndfinal_huripyeo\5_project\seedvault\data\shader\vs_skinnedlighttexture.cso
d:\ga2ndfinal_huripyeo\5_project\seedvault\data\shader\vs_skybox.cso
d:\ga2ndfinal_huripyeo\5_project\seedvault\data\shader\vs_staticlighttexture.cso
d:\ga2ndfinal_huripyeo\5_project\seedvault\data\shader\vs_streamout.cso
d:\ga2ndfinal_huripyeo\5_project\seedvault\data\shader\vs_billboard.cso
d:\ga2ndfinal_huripyeo\5_project\seedvault\data\shader\gs_streamout.cso
d:\ga2ndfinal_huripyeo\5_project\seedvault\data\shader\ps_2d.cso
d:\ga2ndfinal_huripyeo\5_project\seedvault\data\shader\ps_composite.cso
d:\ga2ndfinal_huripyeo\5_project\seedvault\data\shader\ps_cubemapsphere.cso
d:\ga2ndfinal_huripyeo\5_project\seedvault\data\shader\ps_opaquepass.cso
d:\ga2ndfinal_huripyeo\5_project\seedvault\x64\debug\directx11engine_debug.dll
d:\ga2ndfinal_huripyeo\5_project\seedvault\x64\debug\directx11engine_debug.ilk
d:\ga2ndfinal_huripyeo\5_project\seedvault\x64\debug\directx11engine_debug.pdb
d:\ga2ndfinal_huripyeo\5_project\graphic\directx11engine\x64\debug\directx11engine.tlog\cl.command.1.tlog
d:\ga2ndfinal_huripyeo\5_project\graphic\directx11engine\x64\debug\directx11engine.tlog\cl.read.1.tlog
d:\ga2ndfinal_huripyeo\5_project\graphic\directx11engine\x64\debug\directx11engine.tlog\cl.write.1.tlog
d:\ga2ndfinal_huripyeo\5_project\graphic\directx11engine\x64\debug\directx11engine.tlog\directx11engine.write.1u.tlog
d:\ga2ndfinal_huripyeo\5_project\graphic\directx11engine\x64\debug\directx11engine.tlog\fxc.command.1.tlog
d:\ga2ndfinal_huripyeo\5_project\graphic\directx11engine\x64\debug\directx11engine.tlog\fxc.read.1.tlog
d:\ga2ndfinal_huripyeo\5_project\graphic\directx11engine\x64\debug\directx11engine.tlog\fxc.write.1.tlog
d:\ga2ndfinal_huripyeo\5_project\graphic\directx11engine\x64\debug\directx11engine.tlog\link.command.1.tlog
d:\ga2ndfinal_huripyeo\5_project\graphic\directx11engine\x64\debug\directx11engine.tlog\link.read.1.tlog
d:\ga2ndfinal_huripyeo\5_project\graphic\directx11engine\x64\debug\directx11engine.tlog\link.write.1.tlog
