d:\ga2ndfinal_huripyeo\5_project\seedvault\seedvault\x64\release\seedvault.pch
d:\ga2ndfinal_huripyeo\5_project\seedvault\seedvault\x64\release\vc142.pdb
d:\ga2ndfinal_huripyeo\5_project\seedvault\seedvault\x64\release\pch.obj
d:\ga2ndfinal_huripyeo\5_project\seedvault\seedvault\x64\release\clphysxtestscenejh.obj
d:\ga2ndfinal_huripyeo\5_project\seedvault\seedvault\x64\release\clmaterialtest.obj
d:\ga2ndfinal_huripyeo\5_project\seedvault\seedvault\x64\release\clmainscene.obj
d:\ga2ndfinal_huripyeo\5_project\seedvault\seedvault\x64\release\clinput.obj
d:\ga2ndfinal_huripyeo\5_project\seedvault\seedvault\x64\release\clanimation.obj
d:\ga2ndfinal_huripyeo\5_project\seedvault\seedvault\x64\release\objectbuilder.obj
d:\ga2ndfinal_huripyeo\5_project\seedvault\seedvault\x64\release\equipmentcontroller.obj
d:\ga2ndfinal_huripyeo\5_project\seedvault\seedvault\x64\release\dialoguemanager.obj
d:\ga2ndfinal_huripyeo\5_project\seedvault\seedvault\x64\release\clstartscene.obj
d:\ga2ndfinal_huripyeo\5_project\seedvault\seedvault\x64\release\cameracontroller.obj
d:\ga2ndfinal_huripyeo\5_project\seedvault\seedvault\x64\release\camerabehavior.obj
d:\ga2ndfinal_huripyeo\5_project\seedvault\seedvault\x64\release\behaviortree_base.obj
d:\ga2ndfinal_huripyeo\5_project\seedvault\seedvault\x64\release\animationstate.obj
d:\ga2ndfinal_huripyeo\5_project\seedvault\seedvault\x64\release\ammo.obj
d:\ga2ndfinal_huripyeo\5_project\seedvault\seedvault\x64\release\alcohol.obj
d:\ga2ndfinal_huripyeo\5_project\seedvault\seedvault\x64\release\json_writer.obj
d:\ga2ndfinal_huripyeo\5_project\seedvault\seedvault\x64\release\json_value.obj
d:\ga2ndfinal_huripyeo\5_project\seedvault\seedvault\x64\release\json_reader.obj
d:\ga2ndfinal_huripyeo\5_project\seedvault\seedvault\x64\release\gameobject.obj
d:\ga2ndfinal_huripyeo\5_project\seedvault\seedvault\x64\release\componentbase.obj
d:\ga2ndfinal_huripyeo\5_project\seedvault\seedvault\x64\release\modelcontroller.obj
d:\ga2ndfinal_huripyeo\5_project\seedvault\seedvault\x64\release\jsonloader_cl.obj
d:\ga2ndfinal_huripyeo\5_project\seedvault\seedvault\x64\release\itembuilder.obj
d:\ga2ndfinal_huripyeo\5_project\seedvault\seedvault\x64\release\iitem.obj
d:\ga2ndfinal_huripyeo\5_project\seedvault\seedvault\x64\release\inventory.obj
d:\ga2ndfinal_huripyeo\5_project\seedvault\seedvault\x64\release\herb.obj
d:\ga2ndfinal_huripyeo\5_project\seedvault\seedvault\x64\release\health.obj
d:\ga2ndfinal_huripyeo\5_project\seedvault\seedvault\x64\release\healsyringe.obj
d:\ga2ndfinal_huripyeo\5_project\seedvault\seedvault\x64\release\gun.obj
d:\ga2ndfinal_huripyeo\5_project\seedvault\seedvault\x64\release\gamemanager.obj
d:\ga2ndfinal_huripyeo\5_project\seedvault\seedvault\x64\release\muzzleflash.obj
d:\ga2ndfinal_huripyeo\5_project\seedvault\seedvault\x64\release\hitpoint.obj
d:\ga2ndfinal_huripyeo\5_project\seedvault\seedvault\x64\release\enemy_ai.obj
d:\ga2ndfinal_huripyeo\5_project\seedvault\seedvault\x64\release\enemy_move.obj
d:\ga2ndfinal_huripyeo\5_project\seedvault\seedvault\x64\release\damagedata.obj
d:\ga2ndfinal_huripyeo\5_project\seedvault\seedvault\x64\release\clviewerscene.obj
d:\ga2ndfinal_huripyeo\5_project\seedvault\seedvault\x64\release\cltestscene2d.obj
d:\ga2ndfinal_huripyeo\5_project\seedvault\seedvault\x64\release\cltestnavmeshscene.obj
d:\ga2ndfinal_huripyeo\5_project\seedvault\seedvault\x64\release\cltestingameui.obj
d:\ga2ndfinal_huripyeo\5_project\seedvault\seedvault\x64\release\cltesthj.obj
d:\ga2ndfinal_huripyeo\5_project\seedvault\seedvault\x64\release\zombie_runner_move.obj
d:\ga2ndfinal_huripyeo\5_project\seedvault\seedvault\x64\release\zombie_runner_ai.obj
d:\ga2ndfinal_huripyeo\5_project\seedvault\seedvault\x64\release\zombie_clicker_move.obj
d:\ga2ndfinal_huripyeo\5_project\seedvault\seedvault\x64\release\ingameuimanager.obj
d:\ga2ndfinal_huripyeo\5_project\seedvault\seedvault\x64\release\flask.obj
d:\ga2ndfinal_huripyeo\5_project\seedvault\seedvault\x64\release\cltestsceneyh.obj
d:\ga2ndfinal_huripyeo\5_project\seedvault\seedvault\x64\release\seedvault.obj
d:\ga2ndfinal_huripyeo\5_project\seedvault\seedvault\x64\release\playercontroller.obj
d:\ga2ndfinal_huripyeo\5_project\seedvault\seedvault\x64\release\pauseuimanager.obj
d:\ga2ndfinal_huripyeo\5_project\seedvault\seedvault\x64\release\partner_move.obj
d:\ga2ndfinal_huripyeo\5_project\seedvault\seedvault\x64\release\partner_ai.obj
d:\ga2ndfinal_huripyeo\5_project\seedvault\seedvault\x64\release\orbitcamera.obj
d:\ga2ndfinal_huripyeo\5_project\seedvault\seedvault\x64\release\seedvault.res
d:\ga2ndfinal_huripyeo\5_project\seedvault\seedvault\x64\release\seedvault.tlog\cl.command.1.tlog
d:\ga2ndfinal_huripyeo\5_project\seedvault\seedvault\x64\release\seedvault.tlog\cl.read.1.tlog
d:\ga2ndfinal_huripyeo\5_project\seedvault\seedvault\x64\release\seedvault.tlog\cl.write.1.tlog
d:\ga2ndfinal_huripyeo\5_project\seedvault\seedvault\x64\release\seedvault.tlog\link.command.1.tlog
d:\ga2ndfinal_huripyeo\5_project\seedvault\seedvault\x64\release\seedvault.tlog\link.read.1.tlog
d:\ga2ndfinal_huripyeo\5_project\seedvault\seedvault\x64\release\seedvault.tlog\link.write.1.tlog
d:\ga2ndfinal_huripyeo\5_project\seedvault\seedvault\x64\release\seedvault.tlog\rc.command.1.tlog
d:\ga2ndfinal_huripyeo\5_project\seedvault\seedvault\x64\release\seedvault.tlog\rc.read.1.tlog
d:\ga2ndfinal_huripyeo\5_project\seedvault\seedvault\x64\release\seedvault.tlog\rc.write.1.tlog
