d:\ga2ndfinal_huripyeo\5_project\resourcemanager\resourcemanager\x64\debug\resourcemanager_debug.pch
d:\ga2ndfinal_huripyeo\5_project\resourcemanager\resourcemanager\x64\debug\vc142.pdb
d:\ga2ndfinal_huripyeo\5_project\resourcemanager\resourcemanager\x64\debug\vc142.idb
d:\ga2ndfinal_huripyeo\5_project\resourcemanager\resourcemanager\x64\debug\pch.obj
d:\ga2ndfinal_huripyeo\5_project\resourcemanager\resourcemanager\x64\debug\vertexhelper.obj
d:\ga2ndfinal_huripyeo\5_project\resourcemanager\resourcemanager\x64\debug\textloader.obj
d:\ga2ndfinal_huripyeo\5_project\resourcemanager\resourcemanager\x64\debug\shaders.obj
d:\ga2ndfinal_huripyeo\5_project\resourcemanager\resourcemanager\x64\debug\dx11resourcemanager.obj
d:\ga2ndfinal_huripyeo\5_project\resourcemanager\resourcemanager\x64\debug\matserializer.obj
d:\ga2ndfinal_huripyeo\5_project\resourcemanager\resourcemanager\x64\debug\matdeserializer.obj
d:\ga2ndfinal_huripyeo\5_project\resourcemanager\resourcemanager\x64\debug\inputlayout.obj
d:\ga2ndfinal_huripyeo\5_project\resourcemanager\resourcemanager\x64\debug\dx11meshfactory.obj
d:\ga2ndfinal_huripyeo\5_project\resourcemanager\resourcemanager\x64\debug\dllmain.obj
d:\ga2ndfinal_huripyeo\5_project\resourcemanager\resourcemanager\x64\debug\centercreator.obj
d:\ga2ndfinal_huripyeo\5_project\resourcemanager\resourcemanager\x64\debug\binarydeserializer.obj
d:\ga2ndfinal_huripyeo\5_project\seedvault\x64\debug\resourcemanager_debug.dll
d:\ga2ndfinal_huripyeo\5_project\seedvault\x64\debug\resourcemanager_debug.ilk
d:\ga2ndfinal_huripyeo\5_project\seedvault\x64\debug\resourcemanager_debug.pdb
d:\ga2ndfinal_huripyeo\5_project\seedvault\x64\debug\resourcemanager_debug.lib
d:\ga2ndfinal_huripyeo\5_project\seedvault\x64\debug\resourcemanager_debug.exp
d:\ga2ndfinal_huripyeo\5_project\resourcemanager\resourcemanager\x64\debug\resourcemanager.tlog\cl.command.1.tlog
d:\ga2ndfinal_huripyeo\5_project\resourcemanager\resourcemanager\x64\debug\resourcemanager.tlog\cl.read.1.tlog
d:\ga2ndfinal_huripyeo\5_project\resourcemanager\resourcemanager\x64\debug\resourcemanager.tlog\cl.write.1.tlog
d:\ga2ndfinal_huripyeo\5_project\resourcemanager\resourcemanager\x64\debug\resourcemanager.tlog\link.command.1.tlog
d:\ga2ndfinal_huripyeo\5_project\resourcemanager\resourcemanager\x64\debug\resourcemanager.tlog\link.read.1.tlog
d:\ga2ndfinal_huripyeo\5_project\resourcemanager\resourcemanager\x64\debug\resourcemanager.tlog\link.write.1.tlog
d:\ga2ndfinal_huripyeo\5_project\resourcemanager\resourcemanager\x64\debug\resourcemanager.tlog\resourcemanager.write.1u.tlog
